12:01:56.909 [Thread-2] INFO  com.effective.common.xml.xdb.config.datasorce.service.T - --------begin:0-------
12:01:56.909 [Thread-1] INFO  com.effective.common.xml.xdb.config.datasorce.service.T - --------begin:0-------
12:01:56.913 [Thread-2] INFO  com.effective.common.xml.xdb.config.datasorce.service.T - -->>thread name:Thread-2
12:01:56.913 [Thread-1] INFO  com.effective.common.xml.xdb.config.datasorce.service.T - -->>thread name:Thread-1
12:01:56.913 [Thread-2] INFO  com.effective.common.xml.xdb.config.datasorce.service.T - -->>thread_info:Thread[Thread-2,5,main]
12:01:56.913 [Thread-1] INFO  com.effective.common.xml.xdb.config.datasorce.service.T - -->>thread_info:Thread[Thread-1,5,main]
12:01:56.913 [Thread-2] INFO  com.effective.common.xml.xdb.config.datasorce.service.T - -->>thread_id:13
12:01:56.913 [Thread-1] INFO  com.effective.common.xml.xdb.config.datasorce.service.T - -->>thread_id:12
12:01:56.913 [Thread-2] INFO  com.effective.common.xml.xdb.config.datasorce.service.T - --------end:0---------
12:01:56.913 [Thread-1] INFO  com.effective.common.xml.xdb.config.datasorce.service.T - --------end:0---------
12:01:56.913 [Thread-2] INFO  com.effective.common.xml.xdb.config.datasorce.service.T - --------begin:1-------
12:01:56.913 [Thread-1] INFO  com.effective.common.xml.xdb.config.datasorce.service.T - --------begin:1-------
12:01:56.913 [Thread-2] INFO  com.effective.common.xml.xdb.config.datasorce.service.T - -->>thread name:Thread-2
12:01:56.913 [Thread-1] INFO  com.effective.common.xml.xdb.config.datasorce.service.T - -->>thread name:Thread-1
12:01:56.913 [Thread-2] INFO  com.effective.common.xml.xdb.config.datasorce.service.T - -->>thread_info:Thread[Thread-2,5,main]
12:01:56.913 [Thread-1] INFO  com.effective.common.xml.xdb.config.datasorce.service.T - -->>thread_info:Thread[Thread-1,5,main]
12:01:56.913 [Thread-2] INFO  com.effective.common.xml.xdb.config.datasorce.service.T - -->>thread_id:13
12:01:56.913 [Thread-1] INFO  com.effective.common.xml.xdb.config.datasorce.service.T - -->>thread_id:12
12:01:56.913 [Thread-2] INFO  com.effective.common.xml.xdb.config.datasorce.service.T - --------end:1---------
12:01:56.913 [Thread-1] INFO  com.effective.common.xml.xdb.config.datasorce.service.T - --------end:1---------
12:01:56.913 [Thread-2] INFO  com.effective.common.xml.xdb.config.datasorce.service.T - --------begin:2-------
12:01:56.913 [Thread-1] INFO  com.effective.common.xml.xdb.config.datasorce.service.T - --------begin:2-------
12:01:56.913 [Thread-2] INFO  com.effective.common.xml.xdb.config.datasorce.service.T - -->>thread name:Thread-2
12:01:56.913 [Thread-1] INFO  com.effective.common.xml.xdb.config.datasorce.service.T - -->>thread name:Thread-1
12:01:56.913 [Thread-2] INFO  com.effective.common.xml.xdb.config.datasorce.service.T - -->>thread_info:Thread[Thread-2,5,main]
12:01:56.913 [Thread-1] INFO  com.effective.common.xml.xdb.config.datasorce.service.T - -->>thread_info:Thread[Thread-1,5,main]
12:01:56.913 [Thread-2] INFO  com.effective.common.xml.xdb.config.datasorce.service.T - -->>thread_id:13
12:01:56.913 [Thread-1] INFO  com.effective.common.xml.xdb.config.datasorce.service.T - -->>thread_id:12
12:01:56.913 [Thread-2] INFO  com.effective.common.xml.xdb.config.datasorce.service.T - --------end:2---------
12:01:56.913 [Thread-1] INFO  com.effective.common.xml.xdb.config.datasorce.service.T - --------end:2---------
12:01:56.913 [Thread-2] INFO  com.effective.common.xml.xdb.config.datasorce.service.T - --------begin:3-------
12:01:56.913 [Thread-1] INFO  com.effective.common.xml.xdb.config.datasorce.service.T - --------begin:3-------
12:01:56.913 [Thread-2] INFO  com.effective.common.xml.xdb.config.datasorce.service.T - -->>thread name:Thread-2
12:01:56.913 [Thread-1] INFO  com.effective.common.xml.xdb.config.datasorce.service.T - -->>thread name:Thread-1
12:01:56.913 [Thread-2] INFO  com.effective.common.xml.xdb.config.datasorce.service.T - -->>thread_info:Thread[Thread-2,5,main]
12:01:56.913 [Thread-1] INFO  com.effective.common.xml.xdb.config.datasorce.service.T - -->>thread_info:Thread[Thread-1,5,main]
12:01:56.913 [Thread-2] INFO  com.effective.common.xml.xdb.config.datasorce.service.T - -->>thread_id:13
12:01:56.913 [Thread-1] INFO  com.effective.common.xml.xdb.config.datasorce.service.T - -->>thread_id:12
12:01:56.913 [Thread-2] INFO  com.effective.common.xml.xdb.config.datasorce.service.T - --------end:3---------
12:01:56.913 [Thread-1] INFO  com.effective.common.xml.xdb.config.datasorce.service.T - --------end:3---------
12:01:56.913 [Thread-2] INFO  com.effective.common.xml.xdb.config.datasorce.service.T - --------begin:4-------
12:01:56.913 [Thread-1] INFO  com.effective.common.xml.xdb.config.datasorce.service.T - --------begin:4-------
12:01:56.913 [Thread-2] INFO  com.effective.common.xml.xdb.config.datasorce.service.T - -->>thread name:Thread-2
12:01:56.913 [Thread-1] INFO  com.effective.common.xml.xdb.config.datasorce.service.T - -->>thread name:Thread-1
12:01:56.913 [Thread-2] INFO  com.effective.common.xml.xdb.config.datasorce.service.T - -->>thread_info:Thread[Thread-2,5,main]
12:01:56.913 [Thread-1] INFO  com.effective.common.xml.xdb.config.datasorce.service.T - -->>thread_info:Thread[Thread-1,5,main]
12:01:56.913 [Thread-2] INFO  com.effective.common.xml.xdb.config.datasorce.service.T - -->>thread_id:13
12:01:56.913 [Thread-1] INFO  com.effective.common.xml.xdb.config.datasorce.service.T - -->>thread_id:12
12:01:56.913 [Thread-2] INFO  com.effective.common.xml.xdb.config.datasorce.service.T - --------end:4---------
12:01:56.913 [Thread-1] INFO  com.effective.common.xml.xdb.config.datasorce.service.T - --------end:4---------
12:01:56.913 [Thread-2] INFO  com.effective.common.xml.xdb.config.datasorce.service.T - --------begin:5-------
12:01:56.913 [Thread-1] INFO  com.effective.common.xml.xdb.config.datasorce.service.T - --------begin:5-------
12:01:56.913 [Thread-2] INFO  com.effective.common.xml.xdb.config.datasorce.service.T - -->>thread name:Thread-2
12:01:56.913 [Thread-1] INFO  com.effective.common.xml.xdb.config.datasorce.service.T - -->>thread name:Thread-1
12:01:56.913 [Thread-2] INFO  com.effective.common.xml.xdb.config.datasorce.service.T - -->>thread_info:Thread[Thread-2,5,main]
12:01:56.913 [Thread-1] INFO  com.effective.common.xml.xdb.config.datasorce.service.T - -->>thread_info:Thread[Thread-1,5,main]
12:01:56.913 [Thread-2] INFO  com.effective.common.xml.xdb.config.datasorce.service.T - -->>thread_id:13
12:01:56.913 [Thread-1] INFO  com.effective.common.xml.xdb.config.datasorce.service.T - -->>thread_id:12
12:01:56.913 [Thread-2] INFO  com.effective.common.xml.xdb.config.datasorce.service.T - --------end:5---------
12:01:56.913 [Thread-1] INFO  com.effective.common.xml.xdb.config.datasorce.service.T - --------end:5---------
12:01:56.913 [Thread-2] INFO  com.effective.common.xml.xdb.config.datasorce.service.T - --------begin:6-------
12:01:56.913 [Thread-1] INFO  com.effective.common.xml.xdb.config.datasorce.service.T - --------begin:6-------
12:01:56.913 [Thread-2] INFO  com.effective.common.xml.xdb.config.datasorce.service.T - -->>thread name:Thread-2
12:01:56.913 [Thread-1] INFO  com.effective.common.xml.xdb.config.datasorce.service.T - -->>thread name:Thread-1
12:01:56.913 [Thread-2] INFO  com.effective.common.xml.xdb.config.datasorce.service.T - -->>thread_info:Thread[Thread-2,5,main]
12:01:56.913 [Thread-1] INFO  com.effective.common.xml.xdb.config.datasorce.service.T - -->>thread_info:Thread[Thread-1,5,main]
12:01:56.913 [Thread-2] INFO  com.effective.common.xml.xdb.config.datasorce.service.T - -->>thread_id:13
12:01:56.913 [Thread-1] INFO  com.effective.common.xml.xdb.config.datasorce.service.T - -->>thread_id:12
12:01:56.923 [Thread-2] INFO  com.effective.common.xml.xdb.config.datasorce.service.T - --------end:6---------
12:01:56.923 [Thread-1] INFO  com.effective.common.xml.xdb.config.datasorce.service.T - --------end:6---------
12:01:56.923 [Thread-2] INFO  com.effective.common.xml.xdb.config.datasorce.service.T - --------begin:7-------
12:01:56.923 [Thread-1] INFO  com.effective.common.xml.xdb.config.datasorce.service.T - --------begin:7-------
12:01:56.923 [Thread-2] INFO  com.effective.common.xml.xdb.config.datasorce.service.T - -->>thread name:Thread-2
12:01:56.923 [Thread-1] INFO  com.effective.common.xml.xdb.config.datasorce.service.T - -->>thread name:Thread-1
12:01:56.923 [Thread-2] INFO  com.effective.common.xml.xdb.config.datasorce.service.T - -->>thread_info:Thread[Thread-2,5,main]
12:01:56.923 [Thread-1] INFO  com.effective.common.xml.xdb.config.datasorce.service.T - -->>thread_info:Thread[Thread-1,5,main]
12:01:56.923 [Thread-2] INFO  com.effective.common.xml.xdb.config.datasorce.service.T - -->>thread_id:13
12:01:56.923 [Thread-1] INFO  com.effective.common.xml.xdb.config.datasorce.service.T - -->>thread_id:12
12:01:56.923 [Thread-2] INFO  com.effective.common.xml.xdb.config.datasorce.service.T - --------end:7---------
12:01:56.923 [Thread-1] INFO  com.effective.common.xml.xdb.config.datasorce.service.T - --------end:7---------
12:01:56.923 [Thread-2] INFO  com.effective.common.xml.xdb.config.datasorce.service.T - --------begin:8-------
12:01:56.923 [Thread-1] INFO  com.effective.common.xml.xdb.config.datasorce.service.T - --------begin:8-------
12:01:56.923 [Thread-2] INFO  com.effective.common.xml.xdb.config.datasorce.service.T - -->>thread name:Thread-2
12:01:56.923 [Thread-1] INFO  com.effective.common.xml.xdb.config.datasorce.service.T - -->>thread name:Thread-1
12:01:56.923 [Thread-2] INFO  com.effective.common.xml.xdb.config.datasorce.service.T - -->>thread_info:Thread[Thread-2,5,main]
12:01:56.923 [Thread-1] INFO  com.effective.common.xml.xdb.config.datasorce.service.T - -->>thread_info:Thread[Thread-1,5,main]
12:01:56.923 [Thread-2] INFO  com.effective.common.xml.xdb.config.datasorce.service.T - -->>thread_id:13
12:01:56.923 [Thread-1] INFO  com.effective.common.xml.xdb.config.datasorce.service.T - -->>thread_id:12
12:01:56.923 [Thread-2] INFO  com.effective.common.xml.xdb.config.datasorce.service.T - --------end:8---------
12:01:56.923 [Thread-1] INFO  com.effective.common.xml.xdb.config.datasorce.service.T - --------end:8---------
12:01:56.923 [Thread-2] INFO  com.effective.common.xml.xdb.config.datasorce.service.T - --------begin:9-------
12:01:56.923 [Thread-1] INFO  com.effective.common.xml.xdb.config.datasorce.service.T - --------begin:9-------
12:01:56.923 [Thread-2] INFO  com.effective.common.xml.xdb.config.datasorce.service.T - -->>thread name:Thread-2
12:01:56.923 [Thread-1] INFO  com.effective.common.xml.xdb.config.datasorce.service.T - -->>thread name:Thread-1
12:01:56.923 [Thread-2] INFO  com.effective.common.xml.xdb.config.datasorce.service.T - -->>thread_info:Thread[Thread-2,5,main]
12:01:56.923 [Thread-1] INFO  com.effective.common.xml.xdb.config.datasorce.service.T - -->>thread_info:Thread[Thread-1,5,main]
12:01:56.923 [Thread-2] INFO  com.effective.common.xml.xdb.config.datasorce.service.T - -->>thread_id:13
12:01:56.923 [Thread-1] INFO  com.effective.common.xml.xdb.config.datasorce.service.T - -->>thread_id:12
12:01:56.923 [Thread-2] INFO  com.effective.common.xml.xdb.config.datasorce.service.T - --------end:9---------
12:01:56.923 [Thread-1] INFO  com.effective.common.xml.xdb.config.datasorce.service.T - --------end:9---------
12:01:56.923 [Thread-2] INFO  com.effective.common.xml.xdb.config.datasorce.service.T - --------begin:10-------
12:01:56.923 [Thread-1] INFO  com.effective.common.xml.xdb.config.datasorce.service.T - --------begin:10-------
12:01:56.923 [Thread-2] INFO  com.effective.common.xml.xdb.config.datasorce.service.T - -->>thread name:Thread-2
12:01:56.923 [Thread-1] INFO  com.effective.common.xml.xdb.config.datasorce.service.T - -->>thread name:Thread-1
12:01:56.923 [Thread-2] INFO  com.effective.common.xml.xdb.config.datasorce.service.T - -->>thread_info:Thread[Thread-2,5,main]
12:01:56.923 [Thread-1] INFO  com.effective.common.xml.xdb.config.datasorce.service.T - -->>thread_info:Thread[Thread-1,5,main]
12:01:56.923 [Thread-2] INFO  com.effective.common.xml.xdb.config.datasorce.service.T - -->>thread_id:13
12:01:56.923 [Thread-1] INFO  com.effective.common.xml.xdb.config.datasorce.service.T - -->>thread_id:12
12:01:56.923 [Thread-2] INFO  com.effective.common.xml.xdb.config.datasorce.service.T - --------end:10---------
12:01:56.923 [Thread-1] INFO  com.effective.common.xml.xdb.config.datasorce.service.T - --------end:10---------
12:01:56.923 [Thread-2] INFO  com.effective.common.xml.xdb.config.datasorce.service.T - --------begin:11-------
12:01:56.923 [Thread-1] INFO  com.effective.common.xml.xdb.config.datasorce.service.T - --------begin:11-------
12:01:56.923 [Thread-2] INFO  com.effective.common.xml.xdb.config.datasorce.service.T - -->>thread name:Thread-2
12:01:56.923 [Thread-1] INFO  com.effective.common.xml.xdb.config.datasorce.service.T - -->>thread name:Thread-1
12:01:56.923 [Thread-2] INFO  com.effective.common.xml.xdb.config.datasorce.service.T - -->>thread_info:Thread[Thread-2,5,main]
12:01:56.923 [Thread-1] INFO  com.effective.common.xml.xdb.config.datasorce.service.T - -->>thread_info:Thread[Thread-1,5,main]
12:01:56.923 [Thread-2] INFO  com.effective.common.xml.xdb.config.datasorce.service.T - -->>thread_id:13
12:01:56.923 [Thread-1] INFO  com.effective.common.xml.xdb.config.datasorce.service.T - -->>thread_id:12
12:01:56.923 [Thread-2] INFO  com.effective.common.xml.xdb.config.datasorce.service.T - --------end:11---------
12:01:56.923 [Thread-1] INFO  com.effective.common.xml.xdb.config.datasorce.service.T - --------end:11---------
12:01:56.923 [Thread-2] INFO  com.effective.common.xml.xdb.config.datasorce.service.T - --------begin:12-------
12:01:56.923 [Thread-1] INFO  com.effective.common.xml.xdb.config.datasorce.service.T - --------begin:12-------
12:01:56.923 [Thread-2] INFO  com.effective.common.xml.xdb.config.datasorce.service.T - -->>thread name:Thread-2
12:01:56.923 [Thread-1] INFO  com.effective.common.xml.xdb.config.datasorce.service.T - -->>thread name:Thread-1
12:01:56.923 [Thread-2] INFO  com.effective.common.xml.xdb.config.datasorce.service.T - -->>thread_info:Thread[Thread-2,5,main]
12:01:56.923 [Thread-1] INFO  com.effective.common.xml.xdb.config.datasorce.service.T - -->>thread_info:Thread[Thread-1,5,main]
12:01:56.923 [Thread-2] INFO  com.effective.common.xml.xdb.config.datasorce.service.T - -->>thread_id:13
12:01:56.923 [Thread-1] INFO  com.effective.common.xml.xdb.config.datasorce.service.T - -->>thread_id:12
12:01:56.923 [Thread-2] INFO  com.effective.common.xml.xdb.config.datasorce.service.T - --------end:12---------
12:01:56.923 [Thread-1] INFO  com.effective.common.xml.xdb.config.datasorce.service.T - --------end:12---------
12:01:56.923 [Thread-2] INFO  com.effective.common.xml.xdb.config.datasorce.service.T - --------begin:13-------
12:01:56.923 [Thread-1] INFO  com.effective.common.xml.xdb.config.datasorce.service.T - --------begin:13-------
12:01:56.923 [Thread-2] INFO  com.effective.common.xml.xdb.config.datasorce.service.T - -->>thread name:Thread-2
12:01:56.923 [Thread-1] INFO  com.effective.common.xml.xdb.config.datasorce.service.T - -->>thread name:Thread-1
12:01:56.923 [Thread-2] INFO  com.effective.common.xml.xdb.config.datasorce.service.T - -->>thread_info:Thread[Thread-2,5,main]
12:01:56.923 [Thread-1] INFO  com.effective.common.xml.xdb.config.datasorce.service.T - -->>thread_info:Thread[Thread-1,5,main]
12:01:56.923 [Thread-2] INFO  com.effective.common.xml.xdb.config.datasorce.service.T - -->>thread_id:13
12:01:56.923 [Thread-1] INFO  com.effective.common.xml.xdb.config.datasorce.service.T - -->>thread_id:12
12:01:56.923 [Thread-2] INFO  com.effective.common.xml.xdb.config.datasorce.service.T - --------end:13---------
12:01:56.923 [Thread-1] INFO  com.effective.common.xml.xdb.config.datasorce.service.T - --------end:13---------
12:01:56.923 [Thread-2] INFO  com.effective.common.xml.xdb.config.datasorce.service.T - --------begin:14-------
12:01:56.923 [Thread-1] INFO  com.effective.common.xml.xdb.config.datasorce.service.T - --------begin:14-------
12:01:56.923 [Thread-2] INFO  com.effective.common.xml.xdb.config.datasorce.service.T - -->>thread name:Thread-2
12:01:56.923 [Thread-1] INFO  com.effective.common.xml.xdb.config.datasorce.service.T - -->>thread name:Thread-1
12:01:56.923 [Thread-2] INFO  com.effective.common.xml.xdb.config.datasorce.service.T - -->>thread_info:Thread[Thread-2,5,main]
12:01:56.923 [Thread-1] INFO  com.effective.common.xml.xdb.config.datasorce.service.T - -->>thread_info:Thread[Thread-1,5,main]
12:01:56.923 [Thread-2] INFO  com.effective.common.xml.xdb.config.datasorce.service.T - -->>thread_id:13
12:01:56.923 [Thread-1] INFO  com.effective.common.xml.xdb.config.datasorce.service.T - -->>thread_id:12
12:01:56.923 [Thread-2] INFO  com.effective.common.xml.xdb.config.datasorce.service.T - --------end:14---------
12:01:56.923 [Thread-1] INFO  com.effective.common.xml.xdb.config.datasorce.service.T - --------end:14---------
12:01:56.923 [Thread-2] INFO  com.effective.common.xml.xdb.config.datasorce.service.T - --------begin:15-------
12:01:56.923 [Thread-1] INFO  com.effective.common.xml.xdb.config.datasorce.service.T - --------begin:15-------
12:01:56.923 [Thread-2] INFO  com.effective.common.xml.xdb.config.datasorce.service.T - -->>thread name:Thread-2
12:01:56.923 [Thread-1] INFO  com.effective.common.xml.xdb.config.datasorce.service.T - -->>thread name:Thread-1
12:01:56.923 [Thread-2] INFO  com.effective.common.xml.xdb.config.datasorce.service.T - -->>thread_info:Thread[Thread-2,5,main]
12:01:56.923 [Thread-1] INFO  com.effective.common.xml.xdb.config.datasorce.service.T - -->>thread_info:Thread[Thread-1,5,main]
12:01:56.923 [Thread-2] INFO  com.effective.common.xml.xdb.config.datasorce.service.T - -->>thread_id:13
12:01:56.923 [Thread-1] INFO  com.effective.common.xml.xdb.config.datasorce.service.T - -->>thread_id:12
12:01:56.923 [Thread-2] INFO  com.effective.common.xml.xdb.config.datasorce.service.T - --------end:15---------
12:01:56.923 [Thread-1] INFO  com.effective.common.xml.xdb.config.datasorce.service.T - --------end:15---------
12:01:56.923 [Thread-2] INFO  com.effective.common.xml.xdb.config.datasorce.service.T - --------begin:16-------
12:01:56.923 [Thread-1] INFO  com.effective.common.xml.xdb.config.datasorce.service.T - --------begin:16-------
12:01:56.923 [Thread-2] INFO  com.effective.common.xml.xdb.config.datasorce.service.T - -->>thread name:Thread-2
12:01:56.923 [Thread-1] INFO  com.effective.common.xml.xdb.config.datasorce.service.T - -->>thread name:Thread-1
12:01:56.923 [Thread-2] INFO  com.effective.common.xml.xdb.config.datasorce.service.T - -->>thread_info:Thread[Thread-2,5,main]
12:01:56.923 [Thread-1] INFO  com.effective.common.xml.xdb.config.datasorce.service.T - -->>thread_info:Thread[Thread-1,5,main]
12:01:56.923 [Thread-2] INFO  com.effective.common.xml.xdb.config.datasorce.service.T - -->>thread_id:13
12:01:56.923 [Thread-1] INFO  com.effective.common.xml.xdb.config.datasorce.service.T - -->>thread_id:12
12:01:56.923 [Thread-2] INFO  com.effective.common.xml.xdb.config.datasorce.service.T - --------end:16---------
12:01:56.923 [Thread-1] INFO  com.effective.common.xml.xdb.config.datasorce.service.T - --------end:16---------
12:01:56.923 [Thread-2] INFO  com.effective.common.xml.xdb.config.datasorce.service.T - --------begin:17-------
12:01:56.923 [Thread-1] INFO  com.effective.common.xml.xdb.config.datasorce.service.T - --------begin:17-------
12:01:56.923 [Thread-2] INFO  com.effective.common.xml.xdb.config.datasorce.service.T - -->>thread name:Thread-2
12:01:56.923 [Thread-1] INFO  com.effective.common.xml.xdb.config.datasorce.service.T - -->>thread name:Thread-1
12:01:56.923 [Thread-2] INFO  com.effective.common.xml.xdb.config.datasorce.service.T - -->>thread_info:Thread[Thread-2,5,main]
12:01:56.923 [Thread-1] INFO  com.effective.common.xml.xdb.config.datasorce.service.T - -->>thread_info:Thread[Thread-1,5,main]
12:01:56.923 [Thread-2] INFO  com.effective.common.xml.xdb.config.datasorce.service.T - -->>thread_id:13
12:01:56.923 [Thread-1] INFO  com.effective.common.xml.xdb.config.datasorce.service.T - -->>thread_id:12
12:01:56.923 [Thread-2] INFO  com.effective.common.xml.xdb.config.datasorce.service.T - --------end:17---------
12:01:56.923 [Thread-1] INFO  com.effective.common.xml.xdb.config.datasorce.service.T - --------end:17---------
12:01:56.923 [Thread-2] INFO  com.effective.common.xml.xdb.config.datasorce.service.T - --------begin:18-------
12:01:56.923 [Thread-1] INFO  com.effective.common.xml.xdb.config.datasorce.service.T - --------begin:18-------
12:01:56.923 [Thread-2] INFO  com.effective.common.xml.xdb.config.datasorce.service.T - -->>thread name:Thread-2
12:01:56.923 [Thread-1] INFO  com.effective.common.xml.xdb.config.datasorce.service.T - -->>thread name:Thread-1
12:01:56.923 [Thread-2] INFO  com.effective.common.xml.xdb.config.datasorce.service.T - -->>thread_info:Thread[Thread-2,5,main]
12:01:56.923 [Thread-1] INFO  com.effective.common.xml.xdb.config.datasorce.service.T - -->>thread_info:Thread[Thread-1,5,main]
12:01:56.923 [Thread-2] INFO  com.effective.common.xml.xdb.config.datasorce.service.T - -->>thread_id:13
12:01:56.923 [Thread-1] INFO  com.effective.common.xml.xdb.config.datasorce.service.T - -->>thread_id:12
12:01:56.923 [Thread-2] INFO  com.effective.common.xml.xdb.config.datasorce.service.T - --------end:18---------
12:01:56.923 [Thread-1] INFO  com.effective.common.xml.xdb.config.datasorce.service.T - --------end:18---------
12:01:56.923 [Thread-2] INFO  com.effective.common.xml.xdb.config.datasorce.service.T - --------begin:19-------
12:01:56.923 [Thread-1] INFO  com.effective.common.xml.xdb.config.datasorce.service.T - --------begin:19-------
12:01:56.923 [Thread-2] INFO  com.effective.common.xml.xdb.config.datasorce.service.T - -->>thread name:Thread-2
12:01:56.923 [Thread-1] INFO  com.effective.common.xml.xdb.config.datasorce.service.T - -->>thread name:Thread-1
12:01:56.923 [Thread-2] INFO  com.effective.common.xml.xdb.config.datasorce.service.T - -->>thread_info:Thread[Thread-2,5,main]
12:01:56.923 [Thread-1] INFO  com.effective.common.xml.xdb.config.datasorce.service.T - -->>thread_info:Thread[Thread-1,5,main]
12:01:56.923 [Thread-2] INFO  com.effective.common.xml.xdb.config.datasorce.service.T - -->>thread_id:13
12:01:56.923 [Thread-1] INFO  com.effective.common.xml.xdb.config.datasorce.service.T - -->>thread_id:12
12:01:56.923 [Thread-2] INFO  com.effective.common.xml.xdb.config.datasorce.service.T - --------end:19---------
12:01:56.923 [Thread-1] INFO  com.effective.common.xml.xdb.config.datasorce.service.T - --------end:19---------
12:05:50.987 [Thread-1] INFO  com.effective.common.xml.xdb.config.datasorce.service.T - --------begin:0-------
12:05:50.987 [Thread-2] INFO  com.effective.common.xml.xdb.config.datasorce.service.T - --------begin:0-------
12:05:50.989 [Thread-1] INFO  com.effective.common.xml.xdb.config.datasorce.service.T - -->>thread name:Thread-1,thread_id:12,thread_info:Thread[Thread-1,5,main]
12:05:50.989 [Thread-2] INFO  com.effective.common.xml.xdb.config.datasorce.service.T - -->>thread name:Thread-2,thread_id:13,thread_info:Thread[Thread-2,5,main]
12:05:50.990 [Thread-1] INFO  com.effective.common.xml.xdb.config.datasorce.service.T - number:0
12:05:50.990 [Thread-2] INFO  com.effective.common.xml.xdb.config.datasorce.service.T - number:1
12:05:50.990 [Thread-1] INFO  com.effective.common.xml.xdb.config.datasorce.service.T - --------end:0---------
12:05:50.990 [Thread-2] INFO  com.effective.common.xml.xdb.config.datasorce.service.T - --------end:0---------
12:05:50.990 [Thread-1] INFO  com.effective.common.xml.xdb.config.datasorce.service.T - --------begin:1-------
12:05:50.990 [Thread-2] INFO  com.effective.common.xml.xdb.config.datasorce.service.T - --------begin:1-------
12:05:50.990 [Thread-1] INFO  com.effective.common.xml.xdb.config.datasorce.service.T - -->>thread name:Thread-1,thread_id:12,thread_info:Thread[Thread-1,5,main]
12:05:50.990 [Thread-2] INFO  com.effective.common.xml.xdb.config.datasorce.service.T - -->>thread name:Thread-2,thread_id:13,thread_info:Thread[Thread-2,5,main]
12:05:50.990 [Thread-1] INFO  com.effective.common.xml.xdb.config.datasorce.service.T - number:0
12:05:50.990 [Thread-2] INFO  com.effective.common.xml.xdb.config.datasorce.service.T - number:1
12:05:50.990 [Thread-1] INFO  com.effective.common.xml.xdb.config.datasorce.service.T - --------end:1---------
12:05:50.990 [Thread-2] INFO  com.effective.common.xml.xdb.config.datasorce.service.T - --------end:1---------
12:05:50.990 [Thread-1] INFO  com.effective.common.xml.xdb.config.datasorce.service.T - --------begin:2-------
12:05:50.990 [Thread-2] INFO  com.effective.common.xml.xdb.config.datasorce.service.T - --------begin:2-------
12:05:50.991 [Thread-1] INFO  com.effective.common.xml.xdb.config.datasorce.service.T - -->>thread name:Thread-1,thread_id:12,thread_info:Thread[Thread-1,5,main]
12:05:50.991 [Thread-2] INFO  com.effective.common.xml.xdb.config.datasorce.service.T - -->>thread name:Thread-2,thread_id:13,thread_info:Thread[Thread-2,5,main]
12:05:50.991 [Thread-1] INFO  com.effective.common.xml.xdb.config.datasorce.service.T - number:0
12:05:50.991 [Thread-2] INFO  com.effective.common.xml.xdb.config.datasorce.service.T - number:1
12:05:50.991 [Thread-1] INFO  com.effective.common.xml.xdb.config.datasorce.service.T - --------end:2---------
12:05:50.991 [Thread-2] INFO  com.effective.common.xml.xdb.config.datasorce.service.T - --------end:2---------
12:05:50.991 [Thread-1] INFO  com.effective.common.xml.xdb.config.datasorce.service.T - --------begin:3-------
12:05:50.991 [Thread-2] INFO  com.effective.common.xml.xdb.config.datasorce.service.T - --------begin:3-------
12:05:50.991 [Thread-1] INFO  com.effective.common.xml.xdb.config.datasorce.service.T - -->>thread name:Thread-1,thread_id:12,thread_info:Thread[Thread-1,5,main]
12:05:50.991 [Thread-2] INFO  com.effective.common.xml.xdb.config.datasorce.service.T - -->>thread name:Thread-2,thread_id:13,thread_info:Thread[Thread-2,5,main]
12:05:50.991 [Thread-1] INFO  com.effective.common.xml.xdb.config.datasorce.service.T - number:0
12:05:50.991 [Thread-2] INFO  com.effective.common.xml.xdb.config.datasorce.service.T - number:1
12:05:50.991 [Thread-1] INFO  com.effective.common.xml.xdb.config.datasorce.service.T - --------end:3---------
12:05:50.991 [Thread-2] INFO  com.effective.common.xml.xdb.config.datasorce.service.T - --------end:3---------
12:05:50.991 [Thread-1] INFO  com.effective.common.xml.xdb.config.datasorce.service.T - --------begin:4-------
12:05:50.991 [Thread-2] INFO  com.effective.common.xml.xdb.config.datasorce.service.T - --------begin:4-------
12:05:50.991 [Thread-1] INFO  com.effective.common.xml.xdb.config.datasorce.service.T - -->>thread name:Thread-1,thread_id:12,thread_info:Thread[Thread-1,5,main]
12:05:50.991 [Thread-2] INFO  com.effective.common.xml.xdb.config.datasorce.service.T - -->>thread name:Thread-2,thread_id:13,thread_info:Thread[Thread-2,5,main]
12:05:50.991 [Thread-1] INFO  com.effective.common.xml.xdb.config.datasorce.service.T - number:0
12:05:50.991 [Thread-2] INFO  com.effective.common.xml.xdb.config.datasorce.service.T - number:1
12:05:50.991 [Thread-1] INFO  com.effective.common.xml.xdb.config.datasorce.service.T - --------end:4---------
12:05:50.991 [Thread-2] INFO  com.effective.common.xml.xdb.config.datasorce.service.T - --------end:4---------
12:05:50.991 [Thread-1] INFO  com.effective.common.xml.xdb.config.datasorce.service.T - --------begin:5-------
12:05:50.991 [Thread-2] INFO  com.effective.common.xml.xdb.config.datasorce.service.T - --------begin:5-------
12:05:50.991 [Thread-1] INFO  com.effective.common.xml.xdb.config.datasorce.service.T - -->>thread name:Thread-1,thread_id:12,thread_info:Thread[Thread-1,5,main]
12:05:50.991 [Thread-2] INFO  com.effective.common.xml.xdb.config.datasorce.service.T - -->>thread name:Thread-2,thread_id:13,thread_info:Thread[Thread-2,5,main]
12:05:50.991 [Thread-1] INFO  com.effective.common.xml.xdb.config.datasorce.service.T - number:0
12:05:50.992 [Thread-2] INFO  com.effective.common.xml.xdb.config.datasorce.service.T - number:1
12:05:50.992 [Thread-1] INFO  com.effective.common.xml.xdb.config.datasorce.service.T - --------end:5---------
12:05:50.992 [Thread-2] INFO  com.effective.common.xml.xdb.config.datasorce.service.T - --------end:5---------
12:05:50.992 [Thread-1] INFO  com.effective.common.xml.xdb.config.datasorce.service.T - --------begin:6-------
12:05:50.992 [Thread-2] INFO  com.effective.common.xml.xdb.config.datasorce.service.T - --------begin:6-------
12:05:50.992 [Thread-1] INFO  com.effective.common.xml.xdb.config.datasorce.service.T - -->>thread name:Thread-1,thread_id:12,thread_info:Thread[Thread-1,5,main]
12:05:50.992 [Thread-2] INFO  com.effective.common.xml.xdb.config.datasorce.service.T - -->>thread name:Thread-2,thread_id:13,thread_info:Thread[Thread-2,5,main]
12:05:50.992 [Thread-1] INFO  com.effective.common.xml.xdb.config.datasorce.service.T - number:0
12:05:50.992 [Thread-2] INFO  com.effective.common.xml.xdb.config.datasorce.service.T - number:1
12:05:50.992 [Thread-1] INFO  com.effective.common.xml.xdb.config.datasorce.service.T - --------end:6---------
12:05:50.992 [Thread-2] INFO  com.effective.common.xml.xdb.config.datasorce.service.T - --------end:6---------
12:05:50.992 [Thread-1] INFO  com.effective.common.xml.xdb.config.datasorce.service.T - --------begin:7-------
12:05:50.992 [Thread-2] INFO  com.effective.common.xml.xdb.config.datasorce.service.T - --------begin:7-------
12:05:50.992 [Thread-1] INFO  com.effective.common.xml.xdb.config.datasorce.service.T - -->>thread name:Thread-1,thread_id:12,thread_info:Thread[Thread-1,5,main]
12:05:50.992 [Thread-2] INFO  com.effective.common.xml.xdb.config.datasorce.service.T - -->>thread name:Thread-2,thread_id:13,thread_info:Thread[Thread-2,5,main]
12:05:50.992 [Thread-1] INFO  com.effective.common.xml.xdb.config.datasorce.service.T - number:0
12:05:50.992 [Thread-2] INFO  com.effective.common.xml.xdb.config.datasorce.service.T - number:1
12:05:50.992 [Thread-1] INFO  com.effective.common.xml.xdb.config.datasorce.service.T - --------end:7---------
12:05:50.992 [Thread-2] INFO  com.effective.common.xml.xdb.config.datasorce.service.T - --------end:7---------
12:05:50.992 [Thread-1] INFO  com.effective.common.xml.xdb.config.datasorce.service.T - --------begin:8-------
12:05:50.992 [Thread-2] INFO  com.effective.common.xml.xdb.config.datasorce.service.T - --------begin:8-------
12:05:50.992 [Thread-1] INFO  com.effective.common.xml.xdb.config.datasorce.service.T - -->>thread name:Thread-1,thread_id:12,thread_info:Thread[Thread-1,5,main]
12:05:50.996 [Thread-2] INFO  com.effective.common.xml.xdb.config.datasorce.service.T - -->>thread name:Thread-2,thread_id:13,thread_info:Thread[Thread-2,5,main]
12:05:50.996 [Thread-1] INFO  com.effective.common.xml.xdb.config.datasorce.service.T - number:0
12:05:50.996 [Thread-2] INFO  com.effective.common.xml.xdb.config.datasorce.service.T - number:1
12:05:50.996 [Thread-1] INFO  com.effective.common.xml.xdb.config.datasorce.service.T - --------end:8---------
12:05:50.996 [Thread-2] INFO  com.effective.common.xml.xdb.config.datasorce.service.T - --------end:8---------
12:05:50.996 [Thread-1] INFO  com.effective.common.xml.xdb.config.datasorce.service.T - --------begin:9-------
12:05:50.996 [Thread-2] INFO  com.effective.common.xml.xdb.config.datasorce.service.T - --------begin:9-------
12:05:50.996 [Thread-1] INFO  com.effective.common.xml.xdb.config.datasorce.service.T - -->>thread name:Thread-1,thread_id:12,thread_info:Thread[Thread-1,5,main]
12:05:50.996 [Thread-2] INFO  com.effective.common.xml.xdb.config.datasorce.service.T - -->>thread name:Thread-2,thread_id:13,thread_info:Thread[Thread-2,5,main]
12:05:50.996 [Thread-1] INFO  com.effective.common.xml.xdb.config.datasorce.service.T - number:0
12:05:50.996 [Thread-2] INFO  com.effective.common.xml.xdb.config.datasorce.service.T - number:1
12:05:50.996 [Thread-1] INFO  com.effective.common.xml.xdb.config.datasorce.service.T - --------end:9---------
12:05:50.996 [Thread-2] INFO  com.effective.common.xml.xdb.config.datasorce.service.T - --------end:9---------
12:05:50.996 [Thread-1] INFO  com.effective.common.xml.xdb.config.datasorce.service.T - --------begin:10-------
12:05:50.996 [Thread-2] INFO  com.effective.common.xml.xdb.config.datasorce.service.T - --------begin:10-------
12:05:50.996 [Thread-1] INFO  com.effective.common.xml.xdb.config.datasorce.service.T - -->>thread name:Thread-1,thread_id:12,thread_info:Thread[Thread-1,5,main]
12:05:50.996 [Thread-2] INFO  com.effective.common.xml.xdb.config.datasorce.service.T - -->>thread name:Thread-2,thread_id:13,thread_info:Thread[Thread-2,5,main]
12:05:50.996 [Thread-1] INFO  com.effective.common.xml.xdb.config.datasorce.service.T - number:0
12:05:50.997 [Thread-2] INFO  com.effective.common.xml.xdb.config.datasorce.service.T - number:1
12:05:50.997 [Thread-1] INFO  com.effective.common.xml.xdb.config.datasorce.service.T - --------end:10---------
12:05:50.997 [Thread-2] INFO  com.effective.common.xml.xdb.config.datasorce.service.T - --------end:10---------
12:05:50.997 [Thread-1] INFO  com.effective.common.xml.xdb.config.datasorce.service.T - --------begin:11-------
12:05:50.997 [Thread-2] INFO  com.effective.common.xml.xdb.config.datasorce.service.T - --------begin:11-------
12:05:50.997 [Thread-1] INFO  com.effective.common.xml.xdb.config.datasorce.service.T - -->>thread name:Thread-1,thread_id:12,thread_info:Thread[Thread-1,5,main]
12:05:50.997 [Thread-2] INFO  com.effective.common.xml.xdb.config.datasorce.service.T - -->>thread name:Thread-2,thread_id:13,thread_info:Thread[Thread-2,5,main]
12:05:50.997 [Thread-1] INFO  com.effective.common.xml.xdb.config.datasorce.service.T - number:0
12:05:50.997 [Thread-2] INFO  com.effective.common.xml.xdb.config.datasorce.service.T - number:1
12:05:50.997 [Thread-1] INFO  com.effective.common.xml.xdb.config.datasorce.service.T - --------end:11---------
12:05:50.997 [Thread-2] INFO  com.effective.common.xml.xdb.config.datasorce.service.T - --------end:11---------
12:05:50.997 [Thread-1] INFO  com.effective.common.xml.xdb.config.datasorce.service.T - --------begin:12-------
12:05:50.997 [Thread-2] INFO  com.effective.common.xml.xdb.config.datasorce.service.T - --------begin:12-------
12:05:50.997 [Thread-1] INFO  com.effective.common.xml.xdb.config.datasorce.service.T - -->>thread name:Thread-1,thread_id:12,thread_info:Thread[Thread-1,5,main]
12:05:50.997 [Thread-2] INFO  com.effective.common.xml.xdb.config.datasorce.service.T - -->>thread name:Thread-2,thread_id:13,thread_info:Thread[Thread-2,5,main]
12:05:50.997 [Thread-1] INFO  com.effective.common.xml.xdb.config.datasorce.service.T - number:0
12:05:50.997 [Thread-2] INFO  com.effective.common.xml.xdb.config.datasorce.service.T - number:1
12:05:50.997 [Thread-1] INFO  com.effective.common.xml.xdb.config.datasorce.service.T - --------end:12---------
12:05:50.997 [Thread-2] INFO  com.effective.common.xml.xdb.config.datasorce.service.T - --------end:12---------
12:05:50.997 [Thread-1] INFO  com.effective.common.xml.xdb.config.datasorce.service.T - --------begin:13-------
12:05:50.997 [Thread-2] INFO  com.effective.common.xml.xdb.config.datasorce.service.T - --------begin:13-------
12:05:50.997 [Thread-1] INFO  com.effective.common.xml.xdb.config.datasorce.service.T - -->>thread name:Thread-1,thread_id:12,thread_info:Thread[Thread-1,5,main]
12:05:50.997 [Thread-2] INFO  com.effective.common.xml.xdb.config.datasorce.service.T - -->>thread name:Thread-2,thread_id:13,thread_info:Thread[Thread-2,5,main]
12:05:50.997 [Thread-1] INFO  com.effective.common.xml.xdb.config.datasorce.service.T - number:0
12:05:50.997 [Thread-2] INFO  com.effective.common.xml.xdb.config.datasorce.service.T - number:1
12:05:50.997 [Thread-1] INFO  com.effective.common.xml.xdb.config.datasorce.service.T - --------end:13---------
12:05:50.997 [Thread-2] INFO  com.effective.common.xml.xdb.config.datasorce.service.T - --------end:13---------
12:05:50.997 [Thread-1] INFO  com.effective.common.xml.xdb.config.datasorce.service.T - --------begin:14-------
12:05:50.997 [Thread-2] INFO  com.effective.common.xml.xdb.config.datasorce.service.T - --------begin:14-------
12:05:50.997 [Thread-1] INFO  com.effective.common.xml.xdb.config.datasorce.service.T - -->>thread name:Thread-1,thread_id:12,thread_info:Thread[Thread-1,5,main]
12:05:50.997 [Thread-2] INFO  com.effective.common.xml.xdb.config.datasorce.service.T - -->>thread name:Thread-2,thread_id:13,thread_info:Thread[Thread-2,5,main]
12:05:50.997 [Thread-1] INFO  com.effective.common.xml.xdb.config.datasorce.service.T - number:0
12:05:50.997 [Thread-2] INFO  com.effective.common.xml.xdb.config.datasorce.service.T - number:1
12:05:50.998 [Thread-1] INFO  com.effective.common.xml.xdb.config.datasorce.service.T - --------end:14---------
12:05:50.998 [Thread-2] INFO  com.effective.common.xml.xdb.config.datasorce.service.T - --------end:14---------
12:05:50.998 [Thread-1] INFO  com.effective.common.xml.xdb.config.datasorce.service.T - --------begin:15-------
12:05:50.998 [Thread-2] INFO  com.effective.common.xml.xdb.config.datasorce.service.T - --------begin:15-------
12:05:50.998 [Thread-1] INFO  com.effective.common.xml.xdb.config.datasorce.service.T - -->>thread name:Thread-1,thread_id:12,thread_info:Thread[Thread-1,5,main]
12:05:50.998 [Thread-2] INFO  com.effective.common.xml.xdb.config.datasorce.service.T - -->>thread name:Thread-2,thread_id:13,thread_info:Thread[Thread-2,5,main]
12:05:50.998 [Thread-1] INFO  com.effective.common.xml.xdb.config.datasorce.service.T - number:0
12:05:50.998 [Thread-2] INFO  com.effective.common.xml.xdb.config.datasorce.service.T - number:1
12:05:50.998 [Thread-1] INFO  com.effective.common.xml.xdb.config.datasorce.service.T - --------end:15---------
12:05:50.998 [Thread-2] INFO  com.effective.common.xml.xdb.config.datasorce.service.T - --------end:15---------
12:05:50.998 [Thread-1] INFO  com.effective.common.xml.xdb.config.datasorce.service.T - --------begin:16-------
12:05:50.998 [Thread-2] INFO  com.effective.common.xml.xdb.config.datasorce.service.T - --------begin:16-------
12:05:50.998 [Thread-1] INFO  com.effective.common.xml.xdb.config.datasorce.service.T - -->>thread name:Thread-1,thread_id:12,thread_info:Thread[Thread-1,5,main]
12:05:50.998 [Thread-2] INFO  com.effective.common.xml.xdb.config.datasorce.service.T - -->>thread name:Thread-2,thread_id:13,thread_info:Thread[Thread-2,5,main]
12:05:50.998 [Thread-1] INFO  com.effective.common.xml.xdb.config.datasorce.service.T - number:0
12:05:50.998 [Thread-2] INFO  com.effective.common.xml.xdb.config.datasorce.service.T - number:1
12:05:50.998 [Thread-1] INFO  com.effective.common.xml.xdb.config.datasorce.service.T - --------end:16---------
12:05:50.998 [Thread-2] INFO  com.effective.common.xml.xdb.config.datasorce.service.T - --------end:16---------
12:05:50.998 [Thread-1] INFO  com.effective.common.xml.xdb.config.datasorce.service.T - --------begin:17-------
12:05:50.998 [Thread-2] INFO  com.effective.common.xml.xdb.config.datasorce.service.T - --------begin:17-------
12:05:50.998 [Thread-1] INFO  com.effective.common.xml.xdb.config.datasorce.service.T - -->>thread name:Thread-1,thread_id:12,thread_info:Thread[Thread-1,5,main]
12:05:50.998 [Thread-2] INFO  com.effective.common.xml.xdb.config.datasorce.service.T - -->>thread name:Thread-2,thread_id:13,thread_info:Thread[Thread-2,5,main]
12:05:50.998 [Thread-1] INFO  com.effective.common.xml.xdb.config.datasorce.service.T - number:0
12:05:50.998 [Thread-2] INFO  com.effective.common.xml.xdb.config.datasorce.service.T - number:1
12:05:50.998 [Thread-1] INFO  com.effective.common.xml.xdb.config.datasorce.service.T - --------end:17---------
12:05:50.998 [Thread-2] INFO  com.effective.common.xml.xdb.config.datasorce.service.T - --------end:17---------
12:05:50.998 [Thread-1] INFO  com.effective.common.xml.xdb.config.datasorce.service.T - --------begin:18-------
12:05:50.998 [Thread-2] INFO  com.effective.common.xml.xdb.config.datasorce.service.T - --------begin:18-------
12:05:50.998 [Thread-1] INFO  com.effective.common.xml.xdb.config.datasorce.service.T - -->>thread name:Thread-1,thread_id:12,thread_info:Thread[Thread-1,5,main]
12:05:50.998 [Thread-2] INFO  com.effective.common.xml.xdb.config.datasorce.service.T - -->>thread name:Thread-2,thread_id:13,thread_info:Thread[Thread-2,5,main]
12:05:50.998 [Thread-1] INFO  com.effective.common.xml.xdb.config.datasorce.service.T - number:0
12:05:50.999 [Thread-2] INFO  com.effective.common.xml.xdb.config.datasorce.service.T - number:1
12:05:50.999 [Thread-1] INFO  com.effective.common.xml.xdb.config.datasorce.service.T - --------end:18---------
12:05:50.999 [Thread-2] INFO  com.effective.common.xml.xdb.config.datasorce.service.T - --------end:18---------
12:05:50.999 [Thread-1] INFO  com.effective.common.xml.xdb.config.datasorce.service.T - --------begin:19-------
12:05:50.999 [Thread-2] INFO  com.effective.common.xml.xdb.config.datasorce.service.T - --------begin:19-------
12:05:50.999 [Thread-1] INFO  com.effective.common.xml.xdb.config.datasorce.service.T - -->>thread name:Thread-1,thread_id:12,thread_info:Thread[Thread-1,5,main]
12:05:50.999 [Thread-2] INFO  com.effective.common.xml.xdb.config.datasorce.service.T - -->>thread name:Thread-2,thread_id:13,thread_info:Thread[Thread-2,5,main]
12:05:50.999 [Thread-1] INFO  com.effective.common.xml.xdb.config.datasorce.service.T - number:0
12:05:50.999 [Thread-2] INFO  com.effective.common.xml.xdb.config.datasorce.service.T - number:1
12:05:50.999 [Thread-1] INFO  com.effective.common.xml.xdb.config.datasorce.service.T - --------end:19---------
12:05:50.999 [Thread-2] INFO  com.effective.common.xml.xdb.config.datasorce.service.T - --------end:19---------
12:07:35.908 [Thread-1] INFO  com.effective.common.xml.xdb.config.datasorce.service.T - -->>thread name:Thread-1,thread_id:9,thread_info:Thread[Thread-1,5,main],number:0
12:07:35.908 [Thread-2] INFO  com.effective.common.xml.xdb.config.datasorce.service.T - -->>thread name:Thread-2,thread_id:10,thread_info:Thread[Thread-2,5,main],number:1
12:07:35.910 [Thread-1] INFO  com.effective.common.xml.xdb.config.datasorce.service.T - -->>thread name:Thread-1,thread_id:9,thread_info:Thread[Thread-1,5,main],number:0
12:07:35.910 [Thread-2] INFO  com.effective.common.xml.xdb.config.datasorce.service.T - -->>thread name:Thread-2,thread_id:10,thread_info:Thread[Thread-2,5,main],number:1
12:07:35.910 [Thread-1] INFO  com.effective.common.xml.xdb.config.datasorce.service.T - -->>thread name:Thread-1,thread_id:9,thread_info:Thread[Thread-1,5,main],number:0
12:07:35.910 [Thread-2] INFO  com.effective.common.xml.xdb.config.datasorce.service.T - -->>thread name:Thread-2,thread_id:10,thread_info:Thread[Thread-2,5,main],number:1
12:07:35.910 [Thread-1] INFO  com.effective.common.xml.xdb.config.datasorce.service.T - -->>thread name:Thread-1,thread_id:9,thread_info:Thread[Thread-1,5,main],number:0
12:07:35.910 [Thread-2] INFO  com.effective.common.xml.xdb.config.datasorce.service.T - -->>thread name:Thread-2,thread_id:10,thread_info:Thread[Thread-2,5,main],number:1
12:07:35.910 [Thread-1] INFO  com.effective.common.xml.xdb.config.datasorce.service.T - -->>thread name:Thread-1,thread_id:9,thread_info:Thread[Thread-1,5,main],number:0
12:07:35.910 [Thread-2] INFO  com.effective.common.xml.xdb.config.datasorce.service.T - -->>thread name:Thread-2,thread_id:10,thread_info:Thread[Thread-2,5,main],number:1
12:07:35.911 [Thread-1] INFO  com.effective.common.xml.xdb.config.datasorce.service.T - -->>thread name:Thread-1,thread_id:9,thread_info:Thread[Thread-1,5,main],number:0
12:07:35.911 [Thread-2] INFO  com.effective.common.xml.xdb.config.datasorce.service.T - -->>thread name:Thread-2,thread_id:10,thread_info:Thread[Thread-2,5,main],number:1
12:07:35.911 [Thread-1] INFO  com.effective.common.xml.xdb.config.datasorce.service.T - -->>thread name:Thread-1,thread_id:9,thread_info:Thread[Thread-1,5,main],number:0
12:07:35.911 [Thread-2] INFO  com.effective.common.xml.xdb.config.datasorce.service.T - -->>thread name:Thread-2,thread_id:10,thread_info:Thread[Thread-2,5,main],number:1
12:07:35.911 [Thread-1] INFO  com.effective.common.xml.xdb.config.datasorce.service.T - -->>thread name:Thread-1,thread_id:9,thread_info:Thread[Thread-1,5,main],number:0
12:07:35.911 [Thread-2] INFO  com.effective.common.xml.xdb.config.datasorce.service.T - -->>thread name:Thread-2,thread_id:10,thread_info:Thread[Thread-2,5,main],number:1
12:07:35.911 [Thread-1] INFO  com.effective.common.xml.xdb.config.datasorce.service.T - -->>thread name:Thread-1,thread_id:9,thread_info:Thread[Thread-1,5,main],number:0
12:07:35.911 [Thread-2] INFO  com.effective.common.xml.xdb.config.datasorce.service.T - -->>thread name:Thread-2,thread_id:10,thread_info:Thread[Thread-2,5,main],number:1
12:07:35.911 [Thread-1] INFO  com.effective.common.xml.xdb.config.datasorce.service.T - -->>thread name:Thread-1,thread_id:9,thread_info:Thread[Thread-1,5,main],number:0
12:07:35.911 [Thread-2] INFO  com.effective.common.xml.xdb.config.datasorce.service.T - -->>thread name:Thread-2,thread_id:10,thread_info:Thread[Thread-2,5,main],number:1
12:07:35.911 [Thread-1] INFO  com.effective.common.xml.xdb.config.datasorce.service.T - -->>thread name:Thread-1,thread_id:9,thread_info:Thread[Thread-1,5,main],number:0
12:07:35.911 [Thread-2] INFO  com.effective.common.xml.xdb.config.datasorce.service.T - -->>thread name:Thread-2,thread_id:10,thread_info:Thread[Thread-2,5,main],number:1
12:07:35.911 [Thread-1] INFO  com.effective.common.xml.xdb.config.datasorce.service.T - -->>thread name:Thread-1,thread_id:9,thread_info:Thread[Thread-1,5,main],number:0
12:07:35.911 [Thread-2] INFO  com.effective.common.xml.xdb.config.datasorce.service.T - -->>thread name:Thread-2,thread_id:10,thread_info:Thread[Thread-2,5,main],number:1
12:07:35.911 [Thread-1] INFO  com.effective.common.xml.xdb.config.datasorce.service.T - -->>thread name:Thread-1,thread_id:9,thread_info:Thread[Thread-1,5,main],number:0
12:07:35.911 [Thread-2] INFO  com.effective.common.xml.xdb.config.datasorce.service.T - -->>thread name:Thread-2,thread_id:10,thread_info:Thread[Thread-2,5,main],number:1
12:07:35.911 [Thread-1] INFO  com.effective.common.xml.xdb.config.datasorce.service.T - -->>thread name:Thread-1,thread_id:9,thread_info:Thread[Thread-1,5,main],number:0
12:07:35.911 [Thread-2] INFO  com.effective.common.xml.xdb.config.datasorce.service.T - -->>thread name:Thread-2,thread_id:10,thread_info:Thread[Thread-2,5,main],number:1
12:07:35.911 [Thread-1] INFO  com.effective.common.xml.xdb.config.datasorce.service.T - -->>thread name:Thread-1,thread_id:9,thread_info:Thread[Thread-1,5,main],number:0
12:07:35.911 [Thread-2] INFO  com.effective.common.xml.xdb.config.datasorce.service.T - -->>thread name:Thread-2,thread_id:10,thread_info:Thread[Thread-2,5,main],number:1
12:07:35.911 [Thread-1] INFO  com.effective.common.xml.xdb.config.datasorce.service.T - -->>thread name:Thread-1,thread_id:9,thread_info:Thread[Thread-1,5,main],number:0
12:07:35.911 [Thread-2] INFO  com.effective.common.xml.xdb.config.datasorce.service.T - -->>thread name:Thread-2,thread_id:10,thread_info:Thread[Thread-2,5,main],number:1
12:07:35.911 [Thread-1] INFO  com.effective.common.xml.xdb.config.datasorce.service.T - -->>thread name:Thread-1,thread_id:9,thread_info:Thread[Thread-1,5,main],number:0
12:07:35.911 [Thread-2] INFO  com.effective.common.xml.xdb.config.datasorce.service.T - -->>thread name:Thread-2,thread_id:10,thread_info:Thread[Thread-2,5,main],number:1
12:07:35.911 [Thread-1] INFO  com.effective.common.xml.xdb.config.datasorce.service.T - -->>thread name:Thread-1,thread_id:9,thread_info:Thread[Thread-1,5,main],number:0
12:07:35.912 [Thread-2] INFO  com.effective.common.xml.xdb.config.datasorce.service.T - -->>thread name:Thread-2,thread_id:10,thread_info:Thread[Thread-2,5,main],number:1
12:07:35.912 [Thread-1] INFO  com.effective.common.xml.xdb.config.datasorce.service.T - -->>thread name:Thread-1,thread_id:9,thread_info:Thread[Thread-1,5,main],number:0
12:07:35.912 [Thread-2] INFO  com.effective.common.xml.xdb.config.datasorce.service.T - -->>thread name:Thread-2,thread_id:10,thread_info:Thread[Thread-2,5,main],number:1
12:07:35.912 [Thread-1] INFO  com.effective.common.xml.xdb.config.datasorce.service.T - -->>thread name:Thread-1,thread_id:9,thread_info:Thread[Thread-1,5,main],number:0
12:07:35.912 [Thread-2] INFO  com.effective.common.xml.xdb.config.datasorce.service.T - -->>thread name:Thread-2,thread_id:10,thread_info:Thread[Thread-2,5,main],number:1
14:10:38.723 [Thread-2] INFO  com.effective.common.xml.xdb.config.datasorce.service.T - -->>thread name:Thread-2,thread_id:10,thread_info:Thread[Thread-2,5,main],student:Student [age=30]
14:10:38.723 [Thread-1] INFO  com.effective.common.xml.xdb.config.datasorce.service.T - -->>thread name:Thread-1,thread_id:9,thread_info:Thread[Thread-1,5,main],student:Student [age=57]
14:10:38.725 [Thread-2] INFO  com.effective.common.xml.xdb.config.datasorce.service.T - -->>thread name:Thread-2,thread_id:10,thread_info:Thread[Thread-2,5,main],student:Student [age=30]
14:10:38.725 [Thread-1] INFO  com.effective.common.xml.xdb.config.datasorce.service.T - -->>thread name:Thread-1,thread_id:9,thread_info:Thread[Thread-1,5,main],student:Student [age=57]
